<?xml version="1.0" encoding="UTF-8"?>
<!-- Generated by org.testng.reporters.JUnitReportReporter -->
<testsuite skipped="0" hostname="DESKTOP-5OUP2NH" name="driver.ShortTermRentalTest" tests="3" failures="0" timestamp="23 Aug 2019 19:12:07 GMT" time="572.510" errors="0">
  <testcase name="runShortTermRentalTestCases" time="219.720" classname="driver.ShortTermRentalTest"/>
  <testcase name="runShortTermRentalTestCases" time="176.503" classname="driver.ShortTermRentalTest"/>
  <testcase name="runShortTermRentalTestCases" time="176.287" classname="driver.ShortTermRentalTest"/>
</testsuite> <!-- driver.ShortTermRentalTest -->
