<?xml version="1.0" encoding="UTF-8"?>
<!-- Generated by org.testng.reporters.JUnitReportReporter -->
<testsuite skipped="0" hostname="DESKTOP-5OUP2NH" name="driver.ServicesTest" tests="1" failures="0" timestamp="17 Jul 2019 15:29:53 GMT" time="171.971" errors="0">
  <testcase name="runServicesTestCases" time="171.971" classname="driver.ServicesTest"/>
</testsuite> <!-- driver.ServicesTest -->
