<?xml version="1.0" encoding="UTF-8"?>
<!-- Generated by org.testng.reporters.JUnitReportReporter -->
<testsuite skipped="1" hostname="DESKTOP-5OUP2NH" name="driver.MoneyAppTesting" tests="3" failures="0" timestamp="11 Jun 2019 18:45:16 GMT" time="5.332" errors="0">
  <testcase name="runCustomTransactionNameTestCases" time="2.321" classname="driver.MoneyAppTesting"/>
  <testcase name="runCustomTransactionNameTestCases" time="3.011" classname="driver.MoneyAppTesting"/>
  <testcase name="runLoginTestCases" classname="driver.MoneyAppTesting">
    <skipped/>
  </testcase> <!-- runLoginTestCases -->
</testsuite> <!-- driver.MoneyAppTesting -->
